<?xml version="1.0" encoding="UTF-8"?>
<!-- Generated by org.testng.reporters.JUnitXMLReporter -->
<testsuite ignored="0" hostname="FFE-PraveenM-FFE171" failures="0" tests="5" name="Test" time="157.851" errors="0" timestamp="2024-12-17T20:59:44 IST">
  <testcase classname="APIDemos.AD_TC005" name="TC5" time="9.922"/>
  <testcase classname="APIDemos.AD_TC004" name="TC4" time="11.44"/>
  <testcase classname="APIDemos.AD_TC003" name="TC3" time="7.355"/>
  <testcase classname="APIDemos.AD_TC002" name="TC2" time="16.154"/>
  <testcase classname="APIDemos.AD_TC001" name="scrollAndEnter" time="8.898"/>
</testsuite> <!-- Test -->
