<?xml version="1.0" encoding="UTF-8"?>
<testng-results ignored="0" total="1" passed="0" failed="1" skipped="0">
  <reporter-output>
  </reporter-output>
  <suite started-at="2024-12-17T21:01:23 IST" name="Suite" finished-at="2024-12-17T21:01:52 IST" duration-ms="29128">
    <groups>
    </groups>
    <test started-at="2024-12-17T21:01:23 IST" name="All Test" finished-at="2024-12-17T21:01:52 IST" duration-ms="29128">
      <class name="APIDemos.AD_TC005">
        <test-method is-config="true" signature="StartAppiumAndInvokeApp()[pri:0, instance:APIDemos.AD_TC005@388526fb]" started-at="2024-12-17T21:01:23 IST" name="StartAppiumAndInvokeApp" finished-at="2024-12-17T21:01:41 IST" duration-ms="18927" status="PASS">
          <reporter-output>
          </reporter-output>
        </test-method> <!-- StartAppiumAndInvokeApp -->
        <test-method signature="TC5(java.util.HashMap)[pri:0, instance:APIDemos.AD_TC005@388526fb]" started-at="2024-12-17T21:01:42 IST" name="TC5" data-provider="getJSONData" finished-at="2024-12-17T21:01:49 IST" duration-ms="7743" status="FAIL">
          <params>
            <param index="0">
              <value>
                <![CDATA[{country=India, hintText=Praveen is the hint!, scrollMessage=(And all inside of a ScrollView!), toastMessage=People Names: Group 0 clicked, dragMessage=Dropped!, wifiPassword=12345678}]]>
              </value>
            </param>
          </params>
          <exception class="java.lang.IllegalArgumentException">
            <message>
              <![CDATA[Keys to send should be a not null CharSequence]]>
            </message>
            <full-stacktrace>
              <![CDATA[java.lang.IllegalArgumentException: Keys to send should be a not null CharSequence
at org.openqa.selenium.remote.RemoteWebElement.sendKeys(RemoteWebElement.java:96)
at java.base/jdk.internal.reflect.NativeMethodAccessorImpl.invoke0(Native Method)
at java.base/jdk.internal.reflect.NativeMethodAccessorImpl.invoke(NativeMethodAccessorImpl.java:77)
at java.base/jdk.internal.reflect.DelegatingMethodAccessorImpl.invoke(DelegatingMethodAccessorImpl.java:43)
at java.base/java.lang.reflect.Method.invoke(Method.java:568)
at io.appium.java_client.pagefactory.ElementInterceptor.getObject(ElementInterceptor.java:42)
at io.appium.java_client.pagefactory.interceptors.InterceptorOfASingleElement.call(InterceptorOfASingleElement.java:79)
at io.appium.java_client.proxy.Interceptor.intercept(Interceptor.java:78)
at org.openqa.selenium.remote.RemoteWebElement$ByteBuddy$ydwtO6uo.sendKeys(Unknown Source)
at org.Appium.Pageobjects.Preferences.wifi(Preferences.java:37)
at APIDemos.AD_TC005.TC5(AD_TC005.java:18)
at java.base/jdk.internal.reflect.NativeMethodAccessorImpl.invoke0(Native Method)
at java.base/jdk.internal.reflect.NativeMethodAccessorImpl.invoke(NativeMethodAccessorImpl.java:77)
at java.base/jdk.internal.reflect.DelegatingMethodAccessorImpl.invoke(DelegatingMethodAccessorImpl.java:43)
at java.base/java.lang.reflect.Method.invoke(Method.java:568)
at org.testng.internal.invokers.MethodInvocationHelper.invokeMethod(MethodInvocationHelper.java:139)
at org.testng.internal.invokers.TestInvoker.invokeMethod(TestInvoker.java:664)
at org.testng.internal.invokers.TestInvoker.invokeTestMethod(TestInvoker.java:228)
at org.testng.internal.invokers.MethodRunner.runInSequence(MethodRunner.java:63)
at org.testng.internal.invokers.TestInvoker$MethodInvocationAgent.invoke(TestInvoker.java:961)
at org.testng.internal.invokers.TestInvoker.invokeTestMethods(TestInvoker.java:201)
at org.testng.internal.invokers.TestMethodWorker.invokeTestMethods(TestMethodWorker.java:148)
at org.testng.internal.invokers.TestMethodWorker.run(TestMethodWorker.java:128)
at java.base/java.util.ArrayList.forEach(ArrayList.java:1511)
at org.testng.TestRunner.privateRun(TestRunner.java:819)
at org.testng.TestRunner.run(TestRunner.java:619)
at org.testng.SuiteRunner.runTest(SuiteRunner.java:443)
at org.testng.SuiteRunner.runSequentially(SuiteRunner.java:437)
at org.testng.SuiteRunner.privateRun(SuiteRunner.java:397)
at org.testng.SuiteRunner.run(SuiteRunner.java:336)
at org.testng.SuiteRunnerWorker.runSuite(SuiteRunnerWorker.java:52)
at org.testng.SuiteRunnerWorker.run(SuiteRunnerWorker.java:95)
at org.testng.TestNG.runSuitesSequentially(TestNG.java:1301)
at org.testng.TestNG.runSuitesLocally(TestNG.java:1228)
at org.testng.TestNG.runSuites(TestNG.java:1134)
at org.testng.TestNG.run(TestNG.java:1101)
at org.testng.remote.AbstractRemoteTestNG.run(AbstractRemoteTestNG.java:115)
at org.testng.remote.RemoteTestNG.initAndRun(RemoteTestNG.java:293)
at org.testng.remote.RemoteTestNG.main(RemoteTestNG.java:91)
]]>
            </full-stacktrace>
          </exception> <!-- java.lang.IllegalArgumentException -->
          <reporter-output>
          </reporter-output>
        </test-method> <!-- TC5 -->
        <test-method is-config="true" signature="tearDown()[pri:0, instance:APIDemos.AD_TC005@388526fb]" started-at="2024-12-17T21:01:51 IST" name="tearDown" finished-at="2024-12-17T21:01:52 IST" duration-ms="754" status="PASS">
          <reporter-output>
          </reporter-output>
        </test-method> <!-- tearDown -->
      </class> <!-- APIDemos.AD_TC005 -->
    </test> <!-- All Test -->
  </suite> <!-- Suite -->
</testng-results>
